Using pre-set license
Built from '2022.3/staging' branch; Version is '2022.3.21f1 (bf09ca542b87) revision 12519882'; Using compiler version '192829333'; Build Type 'Release'
OS: 'Windows 10  (10.0.19045) 64bit Professional' Language: 'ko' Physical Memory: 32405 MB
BatchMode: 1, IsHumanControllingUs: 0, StartBugReporterOnCrash: 0, Is64bit: 1, IsPro: 1

COMMAND LINE ARGUMENTS:
C:\Program Files\Unity\Hub\Editor\2022.3.21f1\Editor\Unity.exe
-adb2
-batchMode
-noUpm
-name
AssetImportWorker1
-projectPath
D:/Programming/Unity/IMP/ImpAR
-logFile
Logs/AssetImportWorker1.log
-srvPort
54046
Successfully changed project path to: D:/Programming/Unity/IMP/ImpAR
D:/Programming/Unity/IMP/ImpAR
[UnityMemory] Configuration Parameters - Can be set up in boot.config
    "memorysetup-bucket-allocator-granularity=16"
    "memorysetup-bucket-allocator-bucket-count=8"
    "memorysetup-bucket-allocator-block-size=33554432"
    "memorysetup-bucket-allocator-block-count=8"
    "memorysetup-main-allocator-block-size=16777216"
    "memorysetup-thread-allocator-block-size=16777216"
    "memorysetup-gfx-main-allocator-block-size=16777216"
    "memorysetup-gfx-thread-allocator-block-size=16777216"
    "memorysetup-cache-allocator-block-size=4194304"
    "memorysetup-typetree-allocator-block-size=2097152"
    "memorysetup-profiler-bucket-allocator-granularity=16"
    "memorysetup-profiler-bucket-allocator-bucket-count=8"
    "memorysetup-profiler-bucket-allocator-block-size=33554432"
    "memorysetup-profiler-bucket-allocator-block-count=8"
    "memorysetup-profiler-allocator-block-size=16777216"
    "memorysetup-profiler-editor-allocator-block-size=1048576"
    "memorysetup-temp-allocator-size-main=16777216"
    "memorysetup-job-temp-allocator-block-size=2097152"
    "memorysetup-job-temp-allocator-block-size-background=1048576"
    "memorysetup-job-temp-allocator-reduction-small-platforms=262144"
    "memorysetup-allocator-temp-initial-block-size-main=262144"
    "memorysetup-allocator-temp-initial-block-size-worker=262144"
    "memorysetup-temp-allocator-size-background-worker=32768"
    "memorysetup-temp-allocator-size-job-worker=262144"
    "memorysetup-temp-allocator-size-preload-manager=33554432"
    "memorysetup-temp-allocator-size-nav-mesh-worker=65536"
    "memorysetup-temp-allocator-size-audio-worker=65536"
    "memorysetup-temp-allocator-size-cloud-worker=32768"
    "memorysetup-temp-allocator-size-gi-baking-worker=262144"
    "memorysetup-temp-allocator-size-gfx=262144"
Player connection [6768] Host "[IP] 192.168.0.10 [Port] 0 [Flags] 2 [Guid] 2455103334 [EditorId] 2455103334 [Version] 1048832 [Id] WindowsEditor(7,DESKTOP-7LI8HRI) [Debug] 1 [PackageName] WindowsEditor [ProjectName] Editor" joined multi-casting on [225.0.0.222:54997]...

Player connection [6768] Host "[IP] 192.168.0.10 [Port] 0 [Flags] 2 [Guid] 2455103334 [EditorId] 2455103334 [Version] 1048832 [Id] WindowsEditor(7,DESKTOP-7LI8HRI) [Debug] 1 [PackageName] WindowsEditor [ProjectName] Editor" joined alternative multi-casting on [225.0.0.222:34997]...

[Physics::Module] Initialized MultithreadedJobDispatcher with 11 workers.
Refreshing native plugins compatible for Editor in 6.62 ms, found 5 plugins.
Preloading 0 native plugins for Editor in 0.00 ms.
Initialize engine version: 2022.3.21f1 (bf09ca542b87)
[Subsystems] Discovering subsystems at path C:/Program Files/Unity/Hub/Editor/2022.3.21f1/Editor/Data/Resources/UnitySubsystems
[Subsystems] Discovering subsystems at path D:/Programming/Unity/IMP/ImpAR/Assets
GfxDevice: creating device client; threaded=0; jobified=0
Direct3D:
    Version:  Direct3D 11.0 [level 11.1]
    Renderer: NVIDIA GeForce RTX 4070 Ti (ID=0x2782)
    Vendor:   NVIDIA
    VRAM:     11996 MB
    Driver:   31.0.15.5123
Initialize mono
Mono path[0] = 'C:/Program Files/Unity/Hub/Editor/2022.3.21f1/Editor/Data/Managed'
Mono path[1] = 'C:/Program Files/Unity/Hub/Editor/2022.3.21f1/Editor/Data/MonoBleedingEdge/lib/mono/unityjit-win32'
Mono config path = 'C:/Program Files/Unity/Hub/Editor/2022.3.21f1/Editor/Data/MonoBleedingEdge/etc'
Using monoOptions --debugger-agent=transport=dt_socket,embedding=1,server=y,suspend=n,address=127.0.0.1:56364
Begin MonoManager ReloadAssembly
Registering precompiled unity dll's ...
Register platform support module: C:/Program Files/Unity/Hub/Editor/2022.3.21f1/Editor/Data/PlaybackEngines/AndroidPlayer/UnityEditor.Android.Extensions.dll
Register platform support module: C:/Program Files/Unity/Hub/Editor/2022.3.21f1/Editor/Data/PlaybackEngines/WindowsStandaloneSupport/UnityEditor.WindowsStandalone.Extensions.dll
Registered in 0.006481 seconds.
- Loaded All Assemblies, in  0.229 seconds
Native extension for WindowsStandalone target not found
Native extension for Android target not found
Android Extension - Scanning For ADB Devices 2150 ms
Mono: successfully reloaded assembly
- Finished resetting the current domain, in  2.361 seconds
Domain Reload Profiling: 2589ms
	BeginReloadAssembly (67ms)
		ExecutionOrderSort (0ms)
		DisableScriptedObjects (0ms)
		BackupInstance (0ms)
		ReleaseScriptingObjects (0ms)
		CreateAndSetChildDomain (0ms)
	RebuildCommonClasses (20ms)
	RebuildNativeTypeToScriptingClass (7ms)
	initialDomainReloadingComplete (38ms)
	LoadAllAssembliesAndSetupDomain (95ms)
		LoadAssemblies (66ms)
		RebuildTransferFunctionScriptingTraits (0ms)
		AnalyzeDomain (94ms)
			TypeCache.Refresh (93ms)
				TypeCache.ScanAssembly (84ms)
			ScanForSourceGeneratedMonoScriptInfo (0ms)
			ResolveRequiredComponents (0ms)
	FinalizeReload (2362ms)
		ReleaseScriptCaches (0ms)
		RebuildScriptCaches (0ms)
		SetupLoadedEditorAssemblies (2324ms)
			LogAssemblyErrors (0ms)
			InitializePlatformSupportModulesInManaged (2220ms)
			SetLoadedEditorAssemblies (3ms)
			RefreshPlugins (0ms)
			BeforeProcessingInitializeOnLoad (2ms)
			ProcessInitializeOnLoadAttributes (73ms)
			ProcessInitializeOnLoadMethodAttributes (27ms)
			AfterProcessingInitializeOnLoad (0ms)
			EditorAssembliesLoaded (0ms)
		ExecutionOrderSort2 (0ms)
		AwakeInstancesAfterBackupRestoration (0ms)
========================================================================
Worker process is ready to serve import requests
Begin MonoManager ReloadAssembly
- Loaded All Assemblies, in  0.508 seconds
Refreshing native plugins compatible for Editor in 2.55 ms, found 5 plugins.
Native extension for WindowsStandalone target not found
Native extension for Android target not found
Package Manager log level set to [2]
[Package Manager] Server::EnsureServerProcessIsRunning -- launch failed, reason: Unity was launched with the -noUpm command-line argument
[Package Manager] UpmClient::Send -- Unable to send message (not connected to UPM process).
[Package Manager] Cannot connect to Unity Package Manager local server
[Package Manager] Server::EnsureServerProcessIsRunning -- launch failed, reason: Unity was launched with the -noUpm command-line argument
[Package Manager] UpmClient::Send -- Unable to send message (not connected to UPM process).
[Package Manager] Cannot connect to Unity Package Manager local server
Mono: successfully reloaded assembly
[Package Manager] Server::EnsureServerProcessIsRunning -- launch failed, reason: Unity was launched with the -noUpm command-line argument
[Package Manager] UpmClient::Send -- Unable to send message (not connected to UPM process).
[Package Manager] Cannot connect to Unity Package Manager local server
[Package Manager] Server::EnsureServerProcessIsRunning -- launch failed, reason: Unity was launched with the -noUpm command-line argument
[Package Manager] UpmClient::Send -- Unable to send message (not connected to UPM process).
[Package Manager] Cannot connect to Unity Package Manager local server
- Finished resetting the current domain, in  0.553 seconds
Domain Reload Profiling: 1060ms
	BeginReloadAssembly (99ms)
		ExecutionOrderSort (0ms)
		DisableScriptedObjects (3ms)
		BackupInstance (0ms)
		ReleaseScriptingObjects (0ms)
		CreateAndSetChildDomain (19ms)
	RebuildCommonClasses (23ms)
	RebuildNativeTypeToScriptingClass (7ms)
	initialDomainReloadingComplete (27ms)
	LoadAllAssembliesAndSetupDomain (352ms)
		LoadAssemblies (224ms)
		RebuildTransferFunctionScriptingTraits (0ms)
		AnalyzeDomain (183ms)
			TypeCache.Refresh (148ms)
				TypeCache.ScanAssembly (135ms)
			ScanForSourceGeneratedMonoScriptInfo (24ms)
			ResolveRequiredComponents (9ms)
	FinalizeReload (553ms)
		ReleaseScriptCaches (0ms)
		RebuildScriptCaches (0ms)
		SetupLoadedEditorAssemblies (418ms)
			LogAssemblyErrors (0ms)
			InitializePlatformSupportModulesInManaged (18ms)
			SetLoadedEditorAssemblies (2ms)
			RefreshPlugins (0ms)
			BeforeProcessingInitializeOnLoad (64ms)
			ProcessInitializeOnLoadAttributes (275ms)
			ProcessInitializeOnLoadMethodAttributes (55ms)
			AfterProcessingInitializeOnLoad (4ms)
			EditorAssembliesLoaded (0ms)
		ExecutionOrderSort2 (0ms)
		AwakeInstancesAfterBackupRestoration (3ms)
Launched and connected shader compiler UnityShaderCompiler.exe after 0.03 seconds
Refreshing native plugins compatible for Editor in 2.41 ms, found 5 plugins.
Preloading 0 native plugins for Editor in 0.00 ms.
Unloading 7559 Unused Serialized files (Serialized files now loaded: 0)
Unloading 103 unused Assets / (1.6 MB). Loaded Objects now: 8024.
Memory consumption went from 284.3 MB to 282.7 MB.
Total: 4.395000 ms (FindLiveObjects: 0.593500 ms CreateObjectMapping: 0.282900 ms MarkObjects: 2.809200 ms  DeleteObjects: 0.708700 ms)

AssetImportParameters requested are different than current active one (requested -> active):
  custom:container-demuxer-ogg: 62fdf1f143b41e24485cea50d1cbac27 -> 
  custom:framework-win-MediaFoundation: 216162199b28c13a410421893ffa2e32 -> 
  custom:container-muxer-webm: aa71ff27fc2769a1b78a27578f13a17b -> 
  custom:video-decoder-webm-vp8: 9c59270c3fd7afecdb556c50c9e8de78 -> 
  custom:SearchIndexIgnoredProperties: e643bd26f0fe6173181afceb89e7c659 -> 
  custom:AudioImporter_EditorPlatform: d09bf68614088b80899f8185d706f6e7 -> 
  custom:audio-decoder-ogg-vorbis: bf7c407c2cedff20999df2af8eb42d56 -> 
  custom:audio-encoder-webm-vorbis: bf7c407c2cedff20999df2af8eb42d56 -> 
  custom:video-decoder-ogg-theora: a1e56fd34408186e4bbccfd4996cb3dc -> 
  custom:CustomObjectIndexerAttribute: 72b91833f83ae208fae7752999fa3104 -> 
  custom:container-demuxer-webm: 4f35f7cbe854078d1ac9338744f61a02 -> 
  custom:video-encoder-webm-vp8: eb34c28f22e8b96e1ab97ce403110664 -> 
========================================================================
Received Import Request.
  Time since last request: 14904.084981 seconds.
  path: Assets/lgb/Prefabs/Skill.prefab
  artifactKey: Guid(1cf9013a018e01d4b93d4a9510d59a23) Importer(815301076,1909f56bfc062723c751e8b465ee728b)
Start importing Assets/lgb/Prefabs/Skill.prefab using Guid(1cf9013a018e01d4b93d4a9510d59a23) Importer(815301076,1909f56bfc062723c751e8b465ee728b)  -> (artifact id: 'ad3eae97dbde1e521ab61e0e5fec156d') in 0.179247 seconds
Number of updated asset objects reloaded before import = 0
Number of asset objects unloaded after import = 8
========================================================================
Received Import Request.
  Time since last request: 0.000027 seconds.
  path: Assets/lgb/Prefabs/珥앹븣.prefab
  artifactKey: Guid(c93272ddfd39d1449b98805ab4a887d0) Importer(815301076,1909f56bfc062723c751e8b465ee728b)
Start importing Assets/lgb/Prefabs/珥앹븣.prefab using Guid(c93272ddfd39d1449b98805ab4a887d0) Importer(815301076,1909f56bfc062723c751e8b465ee728b)  -> (artifact id: '8c2a94d0d7cf20e7924a30cc63ba181a') in 0.015897 seconds
Number of updated asset objects reloaded before import = 0
Number of asset objects unloaded after import = 16
========================================================================
Received Import Request.
  Time since last request: 6.514811 seconds.
  path: Assets/Taeyu/Prefabs/wizzard_tower/textures/LVL3_Tower_lambert1_Emissive.png
  artifactKey: Guid(7431f7930795fd84ab0ddf8b9cba2930) Importer(815301076,1909f56bfc062723c751e8b465ee728b)
Start importing Assets/Taeyu/Prefabs/wizzard_tower/textures/LVL3_Tower_lambert1_Emissive.png using Guid(7431f7930795fd84ab0ddf8b9cba2930) Importer(815301076,1909f56bfc062723c751e8b465ee728b)  -> (artifact id: '4ab45096e9c19500e9749804523fb4ff') in 0.111077 seconds
Number of updated asset objects reloaded before import = 0
Number of asset objects unloaded after import = 2
========================================================================
Received Import Request.
  Time since last request: 0.002037 seconds.
  path: Assets/Taeyu/Prefabs/wizzard_tower/textures/LVL3_Tower_lambert1_Normal.png
  artifactKey: Guid(eb0e4fd4748b81a48a765718c3738b59) Importer(815301076,1909f56bfc062723c751e8b465ee728b)
Start importing Assets/Taeyu/Prefabs/wizzard_tower/textures/LVL3_Tower_lambert1_Normal.png using Guid(eb0e4fd4748b81a48a765718c3738b59) Importer(815301076,1909f56bfc062723c751e8b465ee728b)  -> (artifact id: '66f0268be23c5c2f64e38a3ef5037472') in 0.113152 seconds
Number of updated asset objects reloaded before import = 0
Number of asset objects unloaded after import = 2
========================================================================
Received Import Request.
  Time since last request: 0.000020 seconds.
  path: Assets/Taeyu/Prefabs/aa-turret/ruined-tower/textures/tower.mat
  artifactKey: Guid(2d062a57aa626aa45b682f117dfb4c4c) Importer(815301076,1909f56bfc062723c751e8b465ee728b)
Start importing Assets/Taeyu/Prefabs/aa-turret/ruined-tower/textures/tower.mat using Guid(2d062a57aa626aa45b682f117dfb4c4c) Importer(815301076,1909f56bfc062723c751e8b465ee728b)  -> (artifact id: 'b88cc709c7f450dbaeda829035a0e56b') in 0.107851 seconds
Number of updated asset objects reloaded before import = 0
Number of asset objects unloaded after import = 5
========================================================================
Received Import Request.
  Time since last request: 0.000021 seconds.
  path: Assets/Taeyu/Prefabs/aa-turret/ruined-tower/source/Tower New UV/Tower New UV_Default_BaseColor_v2.png
  artifactKey: Guid(6502df29e45b96247ab6c506dbed5586) Importer(815301076,1909f56bfc062723c751e8b465ee728b)
Start importing Assets/Taeyu/Prefabs/aa-turret/ruined-tower/source/Tower New UV/Tower New UV_Default_BaseColor_v2.png using Guid(6502df29e45b96247ab6c506dbed5586) Importer(815301076,1909f56bfc062723c751e8b465ee728b)  -> (artifact id: 'e3c2f44f78101a0ed944a72fd0b7a436') in 0.047368 seconds
Number of updated asset objects reloaded before import = 0
Number of asset objects unloaded after import = 2
========================================================================
Received Import Request.
  Time since last request: 0.000037 seconds.
  path: Assets/Taeyu/Prefabs/aa-turret/ruined-tower/source/Tower New UV/Tower New UV_Default_BaseColor_v4.png
  artifactKey: Guid(59f821995fb2f3944b5c85ed31c35ec4) Importer(815301076,1909f56bfc062723c751e8b465ee728b)
Start importing Assets/Taeyu/Prefabs/aa-turret/ruined-tower/source/Tower New UV/Tower New UV_Default_BaseColor_v4.png using Guid(59f821995fb2f3944b5c85ed31c35ec4) Importer(815301076,1909f56bfc062723c751e8b465ee728b)  -> (artifact id: '6d54eead79677cc7874827dbf54844cf') in 0.085320 seconds
Number of updated asset objects reloaded before import = 0
Number of asset objects unloaded after import = 2
========================================================================
Received Import Request.
  Time since last request: 0.000014 seconds.
  path: Assets/Taeyu/Prefabs/aa-turret/ruined-tower/source/Tower New UV/Tower New UV_Default_Height.png
  artifactKey: Guid(f74b37e50f785b34f9d61476ee3be35f) Importer(815301076,1909f56bfc062723c751e8b465ee728b)
Start importing Assets/Taeyu/Prefabs/aa-turret/ruined-tower/source/Tower New UV/Tower New UV_Default_Height.png using Guid(f74b37e50f785b34f9d61476ee3be35f) Importer(815301076,1909f56bfc062723c751e8b465ee728b)  -> (artifact id: '96bf60817d57ab232aa3c01be46cd2c2') in 0.096088 seconds
Number of updated asset objects reloaded before import = 0
Number of asset objects unloaded after import = 2
========================================================================
Received Import Request.
  Time since last request: 0.000020 seconds.
  path: Assets/Taeyu/Prefabs/wizzard_tower/WizzardTower.prefab
  artifactKey: Guid(72fe0c301b453fb498867b4e129c695d) Importer(815301076,1909f56bfc062723c751e8b465ee728b)
Start importing Assets/Taeyu/Prefabs/wizzard_tower/WizzardTower.prefab using Guid(72fe0c301b453fb498867b4e129c695d) Importer(815301076,1909f56bfc062723c751e8b465ee728b)  -> (artifact id: '24b1f769e218bf37d6c13e71812ce3fb') in 0.330294 seconds
Number of updated asset objects reloaded before import = 0
Number of asset objects unloaded after import = 105
========================================================================
Received Import Request.
  Time since last request: 0.000019 seconds.
  path: Assets/Taeyu/Prefabs/aa-turret/ruined-tower/source/Tower New UV/Tower New UV_Default_AO.png
  artifactKey: Guid(dd13852a13e4d414f812d6bbb6a639df) Importer(815301076,1909f56bfc062723c751e8b465ee728b)
Start importing Assets/Taeyu/Prefabs/aa-turret/ruined-tower/source/Tower New UV/Tower New UV_Default_AO.png using Guid(dd13852a13e4d414f812d6bbb6a639df) Importer(815301076,1909f56bfc062723c751e8b465ee728b)  -> (artifact id: 'd6d3118daa9ef6c57bc86ed1066baefe') in 0.047173 seconds
Number of updated asset objects reloaded before import = 0
Number of asset objects unloaded after import = 2
========================================================================
Received Import Request.
  Time since last request: 0.000032 seconds.
  path: Assets/Taeyu/Prefabs/aa-turret/ruined-tower/textures/Tower New UV_Default_Roughness.png
  artifactKey: Guid(e1a086df8e43db946b791e6069eb5f6a) Importer(815301076,1909f56bfc062723c751e8b465ee728b)
Start importing Assets/Taeyu/Prefabs/aa-turret/ruined-tower/textures/Tower New UV_Default_Roughness.png using Guid(e1a086df8e43db946b791e6069eb5f6a) Importer(815301076,1909f56bfc062723c751e8b465ee728b)  -> (artifact id: '12f005e8eb4c1498e47475d4d05726f6') in 0.047391 seconds
Number of updated asset objects reloaded before import = 0
Number of asset objects unloaded after import = 2
========================================================================
Received Import Request.
  Time since last request: 0.000019 seconds.
  path: Assets/Taeyu/Prefabs/aa-turret/ruined-tower/textures/Tower New UV_Default_BaseColor_v3.png
  artifactKey: Guid(406348537b87f1e4a99a6407f779bcf9) Importer(815301076,1909f56bfc062723c751e8b465ee728b)
Start importing Assets/Taeyu/Prefabs/aa-turret/ruined-tower/textures/Tower New UV_Default_BaseColor_v3.png using Guid(406348537b87f1e4a99a6407f779bcf9) Importer(815301076,1909f56bfc062723c751e8b465ee728b)  -> (artifact id: '9c233d985862a0ac46f86ce7247e2452') in 0.113261 seconds
Number of updated asset objects reloaded before import = 0
Number of asset objects unloaded after import = 2
========================================================================
Received Import Request.
  Time since last request: 0.000017 seconds.
  path: Assets/Taeyu/Prefabs/aa-turret/ruined-tower/source/Tower New UV/Tower New UV_Default_Normal.png
  artifactKey: Guid(df865d28a8f7c4b49bc74c7e11df1bce) Importer(815301076,1909f56bfc062723c751e8b465ee728b)
Start importing Assets/Taeyu/Prefabs/aa-turret/ruined-tower/source/Tower New UV/Tower New UV_Default_Normal.png using Guid(df865d28a8f7c4b49bc74c7e11df1bce) Importer(815301076,1909f56bfc062723c751e8b465ee728b)  -> (artifact id: '1b32a67892255269082666d9bb2d07b4') in 0.073636 seconds
Number of updated asset objects reloaded before import = 0
Number of asset objects unloaded after import = 2
========================================================================
Received Import Request.
  Time since last request: 0.000021 seconds.
  path: Assets/Taeyu/Prefabs/aa-turret/ruined-tower/textures/Tower New UV_Default_BaseColor.png
  artifactKey: Guid(dd61536d1b3a7cd4893a15829f0b149e) Importer(815301076,1909f56bfc062723c751e8b465ee728b)
Start importing Assets/Taeyu/Prefabs/aa-turret/ruined-tower/textures/Tower New UV_Default_BaseColor.png using Guid(dd61536d1b3a7cd4893a15829f0b149e) Importer(815301076,1909f56bfc062723c751e8b465ee728b)  -> (artifact id: 'bde5fed8e53cc508e11cf733fcd8d5d8') in 0.037095 seconds
Number of updated asset objects reloaded before import = 0
Number of asset objects unloaded after import = 2
========================================================================
Received Import Request.
  Time since last request: 0.000048 seconds.
  path: Assets/Taeyu/Prefabs/aa-turret/ruined-tower/source/Tower New UV/Tower New UV_Default_BaseColor.png
  artifactKey: Guid(1f2a4b41d5a41df40b0d54da6627eabb) Importer(815301076,1909f56bfc062723c751e8b465ee728b)
Start importing Assets/Taeyu/Prefabs/aa-turret/ruined-tower/source/Tower New UV/Tower New UV_Default_BaseColor.png using Guid(1f2a4b41d5a41df40b0d54da6627eabb) Importer(815301076,1909f56bfc062723c751e8b465ee728b)  -> (artifact id: 'a2c1d3f94b2740e9aad410d3c5cc7075') in 0.038314 seconds
Number of updated asset objects reloaded before import = 0
Number of asset objects unloaded after import = 2
========================================================================
Received Import Request.
  Time since last request: 0.000017 seconds.
  path: Assets/Taeyu/Prefabs/aa-turret/ruined-tower/textures/Tower New UV_Default_Normal.png
  artifactKey: Guid(c278e00fffe8df440a6645c575e7f0e6) Importer(815301076,1909f56bfc062723c751e8b465ee728b)
Start importing Assets/Taeyu/Prefabs/aa-turret/ruined-tower/textures/Tower New UV_Default_Normal.png using Guid(c278e00fffe8df440a6645c575e7f0e6) Importer(815301076,1909f56bfc062723c751e8b465ee728b)  -> (artifact id: 'f472df43d2270ecf8d304fc1b28bad8c') in 0.034322 seconds
Number of updated asset objects reloaded before import = 0
Number of asset objects unloaded after import = 2
========================================================================
Received Import Request.
  Time since last request: 0.000019 seconds.
  path: Assets/Taeyu/Prefabs/aa-turret/ruined-tower/source/Tower New UV/Materials/Tower New UV_Default_BaseColor_v2.mat
  artifactKey: Guid(db8e57b49423a414ba374290a00a9066) Importer(815301076,1909f56bfc062723c751e8b465ee728b)
Start importing Assets/Taeyu/Prefabs/aa-turret/ruined-tower/source/Tower New UV/Materials/Tower New UV_Default_BaseColor_v2.mat using Guid(db8e57b49423a414ba374290a00a9066) Importer(815301076,1909f56bfc062723c751e8b465ee728b)  -> (artifact id: '031c439ef58f268e2e1798e5763a662e') in 0.034577 seconds
Number of updated asset objects reloaded before import = 0
Number of asset objects unloaded after import = 3
========================================================================
Received Import Request.
  Time since last request: 0.000015 seconds.
  path: Assets/Taeyu/Prefabs/aa-turret/ruined-tower/textures/tower 1.mat
  artifactKey: Guid(18b82cac120c95a4089bac0126ec928b) Importer(815301076,1909f56bfc062723c751e8b465ee728b)
Start importing Assets/Taeyu/Prefabs/aa-turret/ruined-tower/textures/tower 1.mat using Guid(18b82cac120c95a4089bac0126ec928b) Importer(815301076,1909f56bfc062723c751e8b465ee728b)  -> (artifact id: 'fe51967c7db581f51bdfaa8eb9c47498') in 0.136363 seconds
Number of updated asset objects reloaded before import = 0
Number of asset objects unloaded after import = 5
========================================================================
Received Import Request.
  Time since last request: 0.000022 seconds.
  path: Assets/Taeyu/Prefabs/aa-turret/ruined-tower/textures/Tower New UV_Default_BaseColor_v1.png
  artifactKey: Guid(a0aa79ab414a0f744bc04445fe130724) Importer(815301076,1909f56bfc062723c751e8b465ee728b)
Start importing Assets/Taeyu/Prefabs/aa-turret/ruined-tower/textures/Tower New UV_Default_BaseColor_v1.png using Guid(a0aa79ab414a0f744bc04445fe130724) Importer(815301076,1909f56bfc062723c751e8b465ee728b)  -> (artifact id: 'd8d4d3334562be0e6f3ec8cc7774e0f5') in 0.041547 seconds
Number of updated asset objects reloaded before import = 0
Number of asset objects unloaded after import = 2
Editor requested this worker to shutdown with reason: Scaling down because of idle timeout
TcpMessagingSession - receive error: operation aborted. errorcode: 995, details: 스레드 종료 또는 응용 프로그램 요청 때문에 I/O 작업이 취소되었습니다.
AssetImportWorker is now disconnected from the server
Process exiting
Exiting without the bug reporter. Application will terminate with return code 0